<?xml version="1.0" encoding="UTF-8"?>
<!-- Generated by org.testng.reporters.JUnitXMLReporter -->
<testsuite ignored="0" hostname="srivastav" failures="5" tests="5" name="test1" time="0.265" errors="0" timestamp="2023-11-18T21:57:33 IST">
  <testcase classname="tests.HomePageTest" name="clickOnShopNewYoga" time="0.042">
    <failure type="java.lang.NullPointerException" message="Cannot invoke &amp;quot;org.openqa.selenium.WebDriver.findElement(org.openqa.selenium.By)&amp;quot; because &amp;quot;pages.HomePage.driver&amp;quot; is null">
      <![CDATA[java.lang.NullPointerException: Cannot invoke "org.openqa.selenium.WebDriver.findElement(org.openqa.selenium.By)" because "pages.HomePage.driver" is null
at pages.HomePage.shopNewYogaElement(HomePage.java:25)
at pages.HomePage.shopNewYogaButton(HomePage.java:29)
at tests.HomePageTest.clickOnShopNewYoga(HomePageTest.java:24)
at java.base/java.util.ArrayList.forEach(ArrayList.java:1511)
... Removed 27 stack frames]]>
    </failure>
  </testcase> <!-- clickOnShopNewYoga -->
  <testcase classname="tests.HomePageTest" name="clickOnCreateAccount" time="0.004">
    <failure type="java.lang.NullPointerException" message="Cannot invoke &amp;quot;org.openqa.selenium.WebDriver.findElement(org.openqa.selenium.By)&amp;quot; because &amp;quot;pages.HomePage.driver&amp;quot; is null">
      <![CDATA[java.lang.NullPointerException: Cannot invoke "org.openqa.selenium.WebDriver.findElement(org.openqa.selenium.By)" because "pages.HomePage.driver" is null
at pages.HomePage.createAccountElement(HomePage.java:13)
at pages.HomePage.clickCreateAccountButton(HomePage.java:19)
at tests.HomePageTest.clickOnCreateAccount(HomePageTest.java:33)
at java.base/java.util.ArrayList.forEach(ArrayList.java:1511)
... Removed 27 stack frames]]>
    </failure>
  </testcase> <!-- clickOnCreateAccount -->
  <testcase classname="tests.HomePageTest" name="clickOnWomen" time="0.005">
    <failure type="java.lang.NullPointerException" message="Cannot invoke &amp;quot;org.openqa.selenium.WebDriver.findElement(org.openqa.selenium.By)&amp;quot; because &amp;quot;pages.HomePage.driver&amp;quot; is null">
      <![CDATA[java.lang.NullPointerException: Cannot invoke "org.openqa.selenium.WebDriver.findElement(org.openqa.selenium.By)" because "pages.HomePage.driver" is null
at pages.HomePage.womenElement(HomePage.java:36)
at pages.HomePage.womenButton(HomePage.java:40)
at tests.HomePageTest.clickOnWomen(HomePageTest.java:42)
at java.base/java.util.ArrayList.forEach(ArrayList.java:1511)
... Removed 27 stack frames]]>
    </failure>
  </testcase> <!-- clickOnWomen -->
  <testcase classname="tests.HomePageTest" name="clickOnMen" time="0.003">
    <failure type="java.lang.NullPointerException" message="Cannot invoke &amp;quot;org.openqa.selenium.WebDriver.findElement(org.openqa.selenium.By)&amp;quot; because &amp;quot;pages.HomePage.driver&amp;quot; is null">
      <![CDATA[java.lang.NullPointerException: Cannot invoke "org.openqa.selenium.WebDriver.findElement(org.openqa.selenium.By)" because "pages.HomePage.driver" is null
at pages.HomePage.menElement(HomePage.java:47)
at pages.HomePage.menButton(HomePage.java:51)
at tests.HomePageTest.clickOnMen(HomePageTest.java:51)
at java.base/java.util.ArrayList.forEach(ArrayList.java:1511)
... Removed 27 stack frames]]>
    </failure>
  </testcase> <!-- clickOnMen -->
  <testcase classname="tests.HomePageTest" name="clickOnLogin" time="0.004">
    <failure type="java.lang.NullPointerException" message="Cannot invoke &amp;quot;org.openqa.selenium.WebDriver.findElement(org.openqa.selenium.By)&amp;quot; because &amp;quot;pages.HomePage.driver&amp;quot; is null">
      <![CDATA[java.lang.NullPointerException: Cannot invoke "org.openqa.selenium.WebDriver.findElement(org.openqa.selenium.By)" because "pages.HomePage.driver" is null
at pages.HomePage.loginElement(HomePage.java:58)
at pages.HomePage.loginButton(HomePage.java:62)
at tests.HomePageTest.clickOnLogin(HomePageTest.java:60)
at java.base/java.util.ArrayList.forEach(ArrayList.java:1511)
... Removed 27 stack frames]]>
    </failure>
  </testcase> <!-- clickOnLogin -->
</testsuite> <!-- test1 -->
